2026-03-29T18:31:30.110Z INFO Is remote: false
2026-03-29T18:31:30.111Z INFO Starting Local. Installation path: undefined
2026-03-29T18:31:30.112Z INFO [MainProvider] Creating new MainProvider instance...
2026-03-29T18:31:30.113Z INFO [TabsManager] Code view listener set up at initialization
2026-03-29T18:31:30.114Z INFO Installation path exists: d:\Client_Projects\Babysha\Skillpath\Skillpath_Frontend
2026-03-29T18:31:30.115Z INFO Initializing database with URL: file:C:\Users\LAKSHAN\AppData\Local\Temp\pythagora-temp\pythagora.db
2026-03-29T18:31:30.118Z INFO Database file exists, skipping prisma generate/push for faster startup
2026-03-29T18:31:30.119Z INFO Database initialized successfully
2026-03-29T18:31:30.119Z INFO [Migration] Checking for database migration...
2026-03-29T18:31:30.268Z INFO [Migration] No migration needed
2026-03-29T18:31:31.390Z INFO [TabsManager] First file opened, triggering split view
2026-03-29T18:31:31.390Z INFO [MainProvider] First file opened, creating split view
2026-03-29T18:31:55.117Z INFO [TabsManager] First file opened, triggering split view
2026-03-29T18:31:55.117Z INFO [MainProvider] First file opened, creating split view
2026-03-29T18:32:04.541Z INFO [TabsManager] First file opened, triggering split view
2026-03-29T18:32:04.541Z INFO [MainProvider] First file opened, creating split view
2026-03-29T18:32:15.296Z INFO Closing entire Pythagora extension...
2026-03-29T18:32:15.307Z ERROR Error closing extension
Error: Canceled
Stack: Canceled: Canceled
	at new EI (file:///c:/Users/LAKSHAN/AppData/Local/Programs/Microsoft%20VS%20Code/cfbea10c5f/resources/app/out/vs/workbench/api/node/extensionHostProcess.js:407:148434)
	at r._remoteCall (file:///c:/Users/LAKSHAN/AppData/Local/Programs/Microsoft%20VS%20Code/cfbea10c5f/resources/app/out/vs/workbench/api/node/extensionHostProcess.js:407:154486)
	at i.<computed>.s.charCodeAt.i.<computed> (file:///c:/Users/LAKSHAN/AppData/Local/Programs/Microsoft%20VS%20Code/cfbea10c5f/resources/app/out/vs/workbench/api/node/extensionHostProcess.js:407:151281)
	at cg._doExecuteCommand (file:///c:/Users/LAKSHAN/AppData/Local/Programs/Microsoft%20VS%20Code/cfbea10c5f/resources/app/out/vs/workbench/api/node/extensionHostProcess.js:501:48120)
	at cg.executeCommand (file:///c:/Users/LAKSHAN/AppData/Local/Programs/Microsoft%20VS%20Code/cfbea10c5f/resources/app/out/vs/workbench/api/node/extensionHostProcess.js:501:47567)
	at Object.executeCommand (file:///c:/Users/LAKSHAN/AppData/Local/Programs/Microsoft%20VS%20Code/cfbea10c5f/resources/app/out/vs/workbench/api/node/extensionHostProcess.js:609:135586)
	at closeEntirePythagoraExtension (c:\Users\LAKSHAN\.vscode\extensions\pythagoratechnologies.pythagora-vs-code-2.6.19\out\extension.js:542:31)
	at Object.deactivate (c:\Users\LAKSHAN\.vscode\extensions\pythagoratechnologies.pythagora-vs-code-2.6.19\out\extension.js:409:15)
	at Pk._deactivate (file:///c:/Users/LAKSHAN/AppData/Local/Programs/Microsoft%20VS%20Code/cfbea10c5f/resources/app/out/vs/workbench/api/node/extensionHostProcess.js:505:14479)
	at file:///c:/Users/LAKSHAN/AppData/Local/Programs/Microsoft%20VS%20Code/cfbea10c5f/resources/app/out/vs/workbench/api/node/extensionHostProcess.js:505:12006
	at Array.map (<anonymous>)
	at Pk._deactivateAll (file:///c:/Users/LAKSHAN/AppData/Local/Programs/Microsoft%20VS%20Code/cfbea10c5f/resources/app/out/vs/workbench/api/node/extensionHostProcess.js:505:11994)
	at Pk.terminate (file:///c:/Users/LAKSHAN/AppData/Local/Programs/Microsoft%20VS%20Code/cfbea10c5f/resources/app/out/vs/workbench/api/node/extensionHostProcess.js:505:12345)
	at r.terminate (file:///c:/Users/LAKSHAN/AppData/Local/Programs/Microsoft%20VS%20Code/cfbea10c5f/resources/app/out/vs/workbench/api/node/extensionHostProcess.js:507:1072)
	at Vs (file:///c:/Users/LAKSHAN/AppData/Local/Programs/Microsoft%20VS%20Code/cfbea10c5f/resources/app/out/vs/workbench/api/node/extensionHostProcess.js:801:11700)
	at ju.value (file:///c:/Users/LAKSHAN/AppData/Local/Programs/Microsoft%20VS%20Code/cfbea10c5f/resources/app/out/vs/workbench/api/node/extensionHostProcess.js:801:9847)
	at T._deliver (file:///c:/Users/LAKSHAN/AppData/Local/Programs/Microsoft%20VS%20Code/cfbea10c5f/resources/app/out/vs/workbench/api/node/extensionHostProcess.js:403:3043)
	at T.fire (file:///c:/Users/LAKSHAN/AppData/Local/Programs/Microsoft%20VS%20Code/cfbea10c5f/resources/app/out/vs/workbench/api/node/extensionHostProcess.js:403:3361)
	at Xi.fire (file:///c:/Users/LAKSHAN/AppData/Local/Programs/Microsoft%20VS%20Code/cfbea10c5f/resources/app/out/vs/workbench/api/node/extensionHostProcess.js:405:8437)
	at MessagePortMain.<anonymous> (file:///c:/Users/LAKSHAN/AppData/Local/Programs/Microsoft%20VS%20Code/cfbea10c5f/resources/app/out/vs/workbench/api/node/extensionHostProcess.js:801:8082)
	at MessagePortMain.emit (node:events:519:28)
	at MessagePortMain.emit (node:domain:489:12)
	at MessagePortMain._internalPort.emit (node:electron/js2c/utility_init:2:2959)
Extra context: {
  "message": "Canceled"
}
